run test in "-koopa" mode
working directory: /tmp/tmp206lyndw
running test "000_main" ... [0;32mPASSED[0m
running test "001_var_defn" ... [0;32mPASSED[0m
running test "002_var_defn2" ... [0;32mPASSED[0m
running test "003_var_defn3" ... [0;32mPASSED[0m
running test "004_arr_defn" ... [0;32mPASSED[0m
running test "005_arr_defn2" ... [0;32mPASSED[0m
running test "006_arr_defn3" ... [0;35mCASE ASSEMBLE ERROR[0m
stdout:

stderr:
error: expected initializer, found symbol '%2'
  at /tmp/tmp206lyndw/0c12a1ef89cb47e3ae801399594837d2.S:26:11
   |
26 |   store {{%2, %5}, {3, 4}, {5, 6}, {7, 8}}, @e_0
   |           ^^

error: expected character '=', found character ','
  at /tmp/tmp206lyndw/0c12a1ef89cb47e3ae801399594837d2.S:26:13
   |
26 |   store {{%2, %5}, {3, 4}, {5, 6}, {7, 8}}, @e_0
   |             ^

error: expected character '=', found character '}'
  at /tmp/tmp206lyndw/0c12a1ef89cb47e3ae801399594837d2.S:26:17
   |
26 |   store {{%2, %5}, {3, 4}, {5, 6}, {7, 8}}, @e_0
   |                 ^

error: expected global definition/declaration, found character ','
  at /tmp/tmp206lyndw/0c12a1ef89cb47e3ae801399594837d2.S:26:18
   |
26 |   store {{%2, %5}, {3, 4}, {5, 6}, {7, 8}}, @e_0
   |                  ^


running test "007_arr_defn4" ... [0;35mCASE ASSEMBLE ERROR[0m
stdout:

stderr:
error: expected initializer, found symbol '%2'
  at /tmp/tmp206lyndw/0c12a1ef89cb47e3ae801399594837d2.S:21:35
   |
21 |   store {{1, 2}, {3, 0}, {5, 0}, {%2, 8}}, @d_0
   |                                   ^^

error: expected character '=', found character ','
  at /tmp/tmp206lyndw/0c12a1ef89cb47e3ae801399594837d2.S:21:37
   |
21 |   store {{1, 2}, {3, 0}, {5, 0}, {%2, 8}}, @d_0
   |                                     ^

error: expected global definition/declaration, found character '}'
  at /tmp/tmp206lyndw/0c12a1ef89cb47e3ae801399594837d2.S:21:41
   |
21 |   store {{1, 2}, {3, 0}, {5, 0}, {%2, 8}}, @d_0
   |                                         ^


running test "008_const_var_defn" ... [0;32mPASSED[0m
running test "009_const_var_defn2" ... [0;32mPASSED[0m
running test "010_const_var_defn3" ... [0;32mPASSED[0m
running test "011_const_array_defn" ... [0;32mPASSED[0m
running test "012_func_defn" ... [0;32mPASSED[0m
running test "013_var_defn_func" ... [0;32mPASSED[0m
running test "014_add" ... [0;33mINTERRUPTED[0m
